Build started 29.08.2019 22:09:02.
     1>Project "D:\icad\fsla\fsla.vcxproj" on node 2 (Build target(s)).
     1>ClCompile:
         C:\Program Files (x86)\Microsoft Visual Studio 11.0\VC\bin\x86_amd64\CL.exe /c /Zi /nologo /W3 /WX- /sdl /Od /D _MBCS /Gm /EHsc /RTC1 /MDd /GS /fp:precise /Zc:wchar_t /Zc:forScope /Fo"x64\Debug\\" /Fd"x64\Debug\vc110.pdb" /Gd /TP /errorReport:prompt task.cpp
         task.cpp
     1>task.cpp(304): error C2601: 'CTask::clear' : local function definitions are illegal
                 task.cpp(32): this line contains a '{' which has not yet been matched
     1>task.cpp(324): error C2601: 'CTask::readStringParam' : local function definitions are illegal
                 task.cpp(32): this line contains a '{' which has not yet been matched
     1>task.cpp(354): error C2601: 'CTask::readFloatParam' : local function definitions are illegal
                 task.cpp(32): this line contains a '{' which has not yet been matched
     1>task.cpp(361): error C2601: 'CTask::readIntParam' : local function definitions are illegal
                 task.cpp(32): this line contains a '{' which has not yet been matched
     1>task.cpp(367): error C2601: 'CTask::buildFileNames' : local function definitions are illegal
                 task.cpp(32): this line contains a '{' which has not yet been matched
     1>task.cpp(381): fatal error C1075: end of file found before the left brace '{' at 'task.cpp(32)' was matched
     1>Done Building Project "D:\icad\fsla\fsla.vcxproj" (Build target(s)) -- FAILED.

Build FAILED.

Time Elapsed 00:00:01.28
